<?xml version="1.0" encoding="UTF-8"?>
<!-- Generated by org.testng.reporters.JUnitReportReporter -->
<testsuite hostname="Diptalok_Sahoo" failures="0" tests="1" name="vtiger_CRM_testNG.Product_Scenario2" time="37.045" errors="0" timestamp="2024-03-22T15:01:59 IST" skipped="0">
  <testcase classname="vtiger_CRM_testNG.Product_Scenario2" name="Add_Delete_ProductModule" time="37.045"/>
</testsuite> <!-- vtiger_CRM_testNG.Product_Scenario2 -->
