<?xml version="1.0" encoding="UTF-8"?>
<!-- Generated by org.testng.reporters.JUnitReportReporter -->
<testsuite hostname="Diptalok_Sahoo" failures="0" tests="8" name="vtiger_CRM_testNG.TestNG_Methods" time="0.023" errors="0" timestamp="2024-03-07T15:55:39 IST" skipped="1">
  <testcase classname="vtiger_CRM_testNG.TestNG_Methods" name="elete" time="0.015"/>
  <system-out/>
  <testcase classname="vtiger_CRM_testNG.TestNG_Methods" name="elete" time="0.002"/>
  <system-out/>
  <testcase classname="vtiger_CRM_testNG.TestNG_Methods" name="elete" time="0.001"/>
  <system-out/>
  <testcase classname="vtiger_CRM_testNG.TestNG_Methods" name="tete" time="0.001"/>
  <system-out/>
  <testcase classname="vtiger_CRM_testNG.TestNG_Methods" name="create" time="0.001"/>
  <system-out/>
  <testcase classname="vtiger_CRM_testNG.TestNG_Methods" name="Modify" time="0.001"/>
  <system-out/>
  <testcase classname="vtiger_CRM_testNG.TestNG_Methods" name="delete" time="0.002"/>
  <system-out/>
  <testcase classname="vtiger_CRM_testNG.TestNG_Methods" name="ete">
    <skipped/>
  </testcase> <!-- ete -->
  <system-out/>
</testsuite> <!-- vtiger_CRM_testNG.TestNG_Methods -->
