<?xml version="1.0" encoding="UTF-8"?>
<!-- Generated by org.testng.reporters.JUnitReportReporter -->
<testsuite hostname="Diptalok_Sahoo" failures="0" tests="7" name="vtiger_CRM_testNG.TestNGPractice" time="0.026" errors="0" timestamp="2024-03-07T15:13:03 IST" skipped="1">
  <testcase classname="vtiger_CRM_testNG.TestNGPractice" name="elete" time="0.002"/>
  <system-out/>
  <testcase classname="vtiger_CRM_testNG.TestNGPractice" name="elete" time="0.018"/>
  <system-out/>
  <testcase classname="vtiger_CRM_testNG.TestNGPractice" name="elete" time="0.002"/>
  <system-out/>
  <testcase classname="vtiger_CRM_testNG.TestNGPractice" name="create" time="0.002"/>
  <system-out/>
  <testcase classname="vtiger_CRM_testNG.TestNGPractice" name="Modify" time="0.001"/>
  <system-out/>
  <testcase classname="vtiger_CRM_testNG.TestNGPractice" name="delete" time="0.001"/>
  <system-out/>
  <testcase classname="vtiger_CRM_testNG.TestNGPractice" name="ete">
    <skipped/>
  </testcase> <!-- ete -->
  <system-out/>
</testsuite> <!-- vtiger_CRM_testNG.TestNGPractice -->
