<?xml version="1.0" encoding="UTF-8"?>
<!-- Generated by org.testng.reporters.JUnitReportReporter -->
<testsuite hostname="Diptalok_Sahoo" failures="0" tests="8" name="vtiger_CRM_testNG.TestNGBaseClass" time="0.033" errors="0" timestamp="2024-03-07T15:47:22 IST" skipped="1">
  <testcase classname="vtiger_CRM_testNG.TestNGBaseClass" name="elete" time="0.002"/>
  <system-out/>
  <testcase classname="vtiger_CRM_testNG.TestNGBaseClass" name="elete" time="0.021"/>
  <system-out/>
  <testcase classname="vtiger_CRM_testNG.TestNGBaseClass" name="elete" time="0.001"/>
  <system-out/>
  <testcase classname="vtiger_CRM_testNG.TestNGBaseClass" name="tete" time="0.002"/>
  <system-out/>
  <testcase classname="vtiger_CRM_testNG.TestNGBaseClass" name="create" time="0.002"/>
  <system-out/>
  <testcase classname="vtiger_CRM_testNG.TestNGBaseClass" name="Modify" time="0.001"/>
  <system-out/>
  <testcase classname="vtiger_CRM_testNG.TestNGBaseClass" name="delete" time="0.004"/>
  <system-out/>
  <testcase classname="vtiger_CRM_testNG.TestNGBaseClass" name="ete">
    <skipped/>
  </testcase> <!-- ete -->
  <system-out/>
</testsuite> <!-- vtiger_CRM_testNG.TestNGBaseClass -->
