<?xml version="1.0" encoding="UTF-8"?>
<!-- Generated by org.testng.reporters.JUnitReportReporter -->
<testsuite hostname="Diptalok_Sahoo" failures="0" tests="2" name="vtiger_CRM_testNG.Contact_Scenario" time="49.927" errors="0" timestamp="2024-03-27T15:44:18 IST" skipped="0">
  <testcase classname="vtiger_CRM_testNG.Contact_Scenario" name="Create" time="41.647"/>
  <testcase classname="vtiger_CRM_testNG.Contact_Scenario" name="sample" time="8.280"/>
</testsuite> <!-- vtiger_CRM_testNG.Contact_Scenario -->
