<?xml version="1.0" encoding="UTF-8"?>
<!-- Generated by org.testng.reporters.JUnitReportReporter -->
<testsuite hostname="Diptalok_Sahoo" failures="0" tests="1" name="vtiger_CRM_testNG.Product_Scenario" time="52.982" errors="0" timestamp="2024-03-07T09:39:30 IST" skipped="0">
  <testcase classname="vtiger_CRM_testNG.Product_Scenario" name="Add_Delete_ProductModule" time="52.982"/>
  <system-out/>
</testsuite> <!-- vtiger_CRM_testNG.Product_Scenario -->
