<?xml version="1.0" encoding="UTF-8"?>
<!-- Generated by org.testng.reporters.JUnitReportReporter -->
<testsuite hostname="Diptalok_Sahoo" failures="0" tests="1" name="tviger_CRM_testNG.SC_2TN" time="38.211" errors="0" timestamp="2024-02-19T16:27:56 IST" skipped="0">
  <testcase classname="tviger_CRM_testNG.SC_2TN" name="testt" time="38.211"/>
</testsuite> <!-- tviger_CRM_testNG.SC_2TN -->
