<?xml version="1.0" encoding="UTF-8"?>
<!-- Generated by org.testng.reporters.JUnitReportReporter -->
<testsuite hostname="Diptalok_Sahoo" failures="0" tests="2" name="vtiger_CRM_testNG.Assertion" time="0.031" errors="0" timestamp="2024-03-27T15:40:03 IST" skipped="0">
  <testcase classname="vtiger_CRM_testNG.Assertion" name="hardAssertion" time="0.021"/>
  <testcase classname="vtiger_CRM_testNG.Assertion" name="softAssertion" time="0.010"/>
</testsuite> <!-- vtiger_CRM_testNG.Assertion -->
