<?xml version="1.0" encoding="UTF-8"?>
<!-- Generated by org.testng.reporters.JUnitReportReporter -->
<testsuite hostname="Diptalok_Sahoo" failures="0" tests="1" name="vtiger_CRM_GenUtilities.Contact_Scenario2" time="15.680" errors="0" timestamp="2024-03-11T14:46:10 IST" skipped="0">
  <testcase classname="vtiger_CRM_GenUtilities.Contact_Scenario2" name="Create" time="15.680"/>
</testsuite> <!-- vtiger_CRM_GenUtilities.Contact_Scenario2 -->
