<?xml version="1.0" encoding="UTF-8"?>
<!-- Generated by org.testng.reporters.JUnitReportReporter -->
<testsuite hostname="Diptalok_Sahoo" failures="0" tests="1" name="vtiger_CRM_testNG.Email_Scenario" time="34.750" errors="0" timestamp="2024-03-07T09:37:42 IST" skipped="0">
  <testcase classname="vtiger_CRM_testNG.Email_Scenario" name="Switching_Window_In_Email_Module" time="34.750"/>
  <system-out/>
</testsuite> <!-- vtiger_CRM_testNG.Email_Scenario -->
