<?xml version="1.0" encoding="UTF-8"?>
<!-- Generated by org.testng.reporters.JUnitReportReporter -->
<testsuite hostname="Diptalok_Sahoo" failures="0" tests="1" name="tviger_CRM.SC_1TN" time="49.313" errors="0" timestamp="2024-02-19T16:20:15 IST" skipped="0">
  <testcase classname="tviger_CRM.SC_1TN" name="test" time="49.313"/>
</testsuite> <!-- tviger_CRM.SC_1TN -->
