<?xml version="1.0" encoding="UTF-8"?>
<!-- Generated by org.testng.reporters.JUnitReportReporter -->
<testsuite hostname="Diptalok_Sahoo" failures="0" tests="1" name="tviger_CRM.SC_2TN" time="37.825" errors="0" timestamp="2024-02-19T16:20:15 IST" skipped="0">
  <testcase classname="tviger_CRM.SC_2TN" name="testt" time="37.825"/>
</testsuite> <!-- tviger_CRM.SC_2TN -->
