<?xml version="1.0" encoding="UTF-8"?>
<!-- Generated by org.testng.reporters.JUnitReportReporter -->
<testsuite hostname="Diptalok_Sahoo" failures="0" tests="2" name="vtiger_CRM_testNG.Email_Scenario2" time="25.548" errors="0" timestamp="2024-03-07T22:55:19 IST" skipped="0">
  <testcase classname="vtiger_CRM_testNG.Email_Scenario2" name="Switching_To_New_Window" time="17.159"/>
  <system-out/>
  <testcase classname="vtiger_CRM_testNG.Email_Scenario2" name="Switching_To_Previous_Window" time="8.389"/>
  <system-out/>
</testsuite> <!-- vtiger_CRM_testNG.Email_Scenario2 -->
