<?xml version="1.0" encoding="UTF-8"?>
<!-- Generated by org.testng.reporters.JUnitReportReporter -->
<testsuite hostname="Diptalok_Sahoo" failures="0" tests="1" name="vtiger_CRM_testNG.practice" time="0.015" errors="0" timestamp="2024-03-06T14:52:22 IST" skipped="0">
  <testcase classname="vtiger_CRM_testNG.practice" name="practi" time="0.015"/>
  <system-out/>
</testsuite> <!-- vtiger_CRM_testNG.practice -->
