<?xml version="1.0" encoding="UTF-8"?>
<!-- Generated by org.testng.reporters.JUnitReportReporter -->
<testsuite hostname="Diptalok_Sahoo" failures="0" tests="1" name="vtiger_CRM_testNG.SC_2TN" time="38.521" errors="0" timestamp="2024-03-13T16:11:49 IST" skipped="0">
  <testcase classname="vtiger_CRM_testNG.SC_2TN" name="testt" time="38.521"/>
</testsuite> <!-- vtiger_CRM_testNG.SC_2TN -->
